<?xml version="1.0" encoding="UTF-8"?>
<testng-results skipped="0" failed="1" ignored="1" total="3" passed="1">
  <reporter-output>
  </reporter-output>
  <suite name="Suite" duration-ms="63432" started-at="2023-01-09T12:06:14 IST" finished-at="2023-01-09T12:07:17 IST">
    <groups>
    </groups>
    <test name="Test" duration-ms="63432" started-at="2023-01-09T12:06:14 IST" finished-at="2023-01-09T12:07:17 IST">
      <class name="scripts.p2">
        <test-method status="PASS" signature="setPath()[pri:0, instance:scripts.p2@704d6e83]" name="setPath" is-config="true" duration-ms="1" started-at="2023-01-09T12:06:56 IST" finished-at="2023-01-09T12:06:56 IST">
          <reporter-output>
          </reporter-output>
        </test-method> <!-- setPath -->
        <test-method status="PASS" signature="launchBrowser(java.lang.String)[pri:0, instance:scripts.p2@704d6e83]" name="launchBrowser" is-config="true" duration-ms="7872" started-at="2023-01-09T12:06:58 IST" finished-at="2023-01-09T12:07:06 IST">
          <params>
            <param index="0">
              <value>
                <![CDATA[chrome]]>
              </value>
            </param>
          </params>
          <reporter-output>
          </reporter-output>
        </test-method> <!-- launchBrowser -->
        <test-method status="PASS" signature="addUserScript(java.lang.String,java.lang.String,java.lang.String,java.lang.String,java.lang.String)[pri:0, instance:scripts.p2@704d6e83]" name="addUserScript" duration-ms="10361" started-at="2023-01-09T12:07:06 IST" data-provider="createUserData" finished-at="2023-01-09T12:07:16 IST">
          <params>
            <param index="0">
              <value>
                <![CDATA[admin]]>
              </value>
            </param>
            <param index="1">
              <value>
                <![CDATA[manager]]>
              </value>
            </param>
            <param index="2">
              <value>
                <![CDATA[abhi]]>
              </value>
            </param>
            <param index="3">
              <value>
                <![CDATA[d]]>
              </value>
            </param>
            <param index="4">
              <value>
                <![CDATA[abhid@gmail.com]]>
              </value>
            </param>
          </params>
          <reporter-output>
          </reporter-output>
        </test-method> <!-- addUserScript -->
        <test-method status="PASS" signature="closeBrowser()[pri:0, instance:scripts.p2@704d6e83]" name="closeBrowser" is-config="true" duration-ms="796" started-at="2023-01-09T12:07:16 IST" finished-at="2023-01-09T12:07:17 IST">
          <reporter-output>
          </reporter-output>
        </test-method> <!-- closeBrowser -->
      </class> <!-- scripts.p2 -->
      <class name="scripts.p1">
        <test-method status="PASS" signature="setPath()[pri:0, instance:scripts.p1@544a2ea6]" name="setPath" is-config="true" duration-ms="20" started-at="2023-01-09T12:06:14 IST" finished-at="2023-01-09T12:06:14 IST">
          <reporter-output>
          </reporter-output>
        </test-method> <!-- setPath -->
        <test-method status="PASS" signature="launchBrowser(java.lang.String)[pri:0, instance:scripts.p1@544a2ea6]" name="launchBrowser" is-config="true" duration-ms="10553" started-at="2023-01-09T12:06:14 IST" finished-at="2023-01-09T12:06:24 IST">
          <params>
            <param index="0">
              <value>
                <![CDATA[chrome]]>
              </value>
            </param>
          </params>
          <reporter-output>
          </reporter-output>
        </test-method> <!-- launchBrowser -->
        <test-method status="FAIL" signature="actiLoginScript()[pri:0, instance:scripts.p1@544a2ea6]" name="actiLoginScript" duration-ms="31062" started-at="2023-01-09T12:06:24 IST" finished-at="2023-01-09T12:06:55 IST">
          <exception class="java.lang.AssertionError">
            <message>
              <![CDATA[null]]>
            </message>
            <full-stacktrace>
              <![CDATA[java.lang.AssertionError: null
at org.testng.Assert.fail(Assert.java:99)
at org.testng.Assert.fail(Assert.java:106)
at generic.actionUtil.validateTitle(actionUtil.java:48)
at scripts.p1.actiLoginScript(p1.java:15)
at sun.reflect.NativeMethodAccessorImpl.invoke0(Native Method)
at sun.reflect.NativeMethodAccessorImpl.invoke(Unknown Source)
at sun.reflect.DelegatingMethodAccessorImpl.invoke(Unknown Source)
at java.lang.reflect.Method.invoke(Unknown Source)
at org.testng.internal.MethodInvocationHelper.invokeMethod(MethodInvocationHelper.java:133)
at org.testng.internal.TestInvoker.invokeMethod(TestInvoker.java:598)
at org.testng.internal.TestInvoker.invokeTestMethod(TestInvoker.java:173)
at org.testng.internal.MethodRunner.runInSequence(MethodRunner.java:46)
at org.testng.internal.TestInvoker$MethodInvocationAgent.invoke(TestInvoker.java:824)
at org.testng.internal.TestInvoker.invokeTestMethods(TestInvoker.java:146)
at org.testng.internal.TestMethodWorker.invokeTestMethods(TestMethodWorker.java:146)
at org.testng.internal.TestMethodWorker.run(TestMethodWorker.java:128)
at java.util.ArrayList.forEach(Unknown Source)
at org.testng.TestRunner.privateRun(TestRunner.java:794)
at org.testng.TestRunner.run(TestRunner.java:596)
at org.testng.SuiteRunner.runTest(SuiteRunner.java:377)
at org.testng.SuiteRunner.runSequentially(SuiteRunner.java:371)
at org.testng.SuiteRunner.privateRun(SuiteRunner.java:332)
at org.testng.SuiteRunner.run(SuiteRunner.java:276)
at org.testng.SuiteRunnerWorker.runSuite(SuiteRunnerWorker.java:53)
at org.testng.SuiteRunnerWorker.run(SuiteRunnerWorker.java:96)
at org.testng.TestNG.runSuitesSequentially(TestNG.java:1212)
at org.testng.TestNG.runSuitesLocally(TestNG.java:1134)
at org.testng.TestNG.runSuites(TestNG.java:1063)
at org.testng.TestNG.run(TestNG.java:1031)
at org.testng.remote.AbstractRemoteTestNG.run(AbstractRemoteTestNG.java:115)
at org.testng.remote.RemoteTestNG.initAndRun(RemoteTestNG.java:251)
at org.testng.remote.RemoteTestNG.main(RemoteTestNG.java:77)
]]>
            </full-stacktrace>
          </exception> <!-- java.lang.AssertionError -->
          <reporter-output>
          </reporter-output>
        </test-method> <!-- actiLoginScript -->
        <test-method status="PASS" signature="closeBrowser()[pri:0, instance:scripts.p1@544a2ea6]" name="closeBrowser" is-config="true" duration-ms="816" started-at="2023-01-09T12:06:56 IST" finished-at="2023-01-09T12:06:56 IST">
          <reporter-output>
          </reporter-output>
        </test-method> <!-- closeBrowser -->
        <test-method status="PASS" signature="killDriver()[pri:0, instance:scripts.p1@544a2ea6]" name="killDriver" is-config="true" duration-ms="20" started-at="2023-01-09T12:07:17 IST" finished-at="2023-01-09T12:07:17 IST">
          <reporter-output>
          </reporter-output>
        </test-method> <!-- killDriver -->
      </class> <!-- scripts.p1 -->
    </test> <!-- Test -->
  </suite> <!-- Suite -->
</testng-results>
