<?xml version="1.0" encoding="UTF-8"?>
<!-- Generated by org.testng.reporters.JUnitXMLReporter -->
<testsuite hostname="DESKTOP-AOTV5IP" ignored="1" name="Test" tests="2" failures="1" timestamp="2023-01-09T12:07:17 IST" time="63.432" errors="0">
  <testcase name="actiLoginScript" time="31.062" classname="scripts.p1">
    <failure type="java.lang.AssertionError" message="null">
      <![CDATA[java.lang.AssertionError: null
at generic.actionUtil.validateTitle(actionUtil.java:48)
at scripts.p1.actiLoginScript(p1.java:15)
at java.util.ArrayList.forEach(Unknown Source)
... Removed 29 stack frames]]>
    </failure>
  </testcase> <!-- actiLoginScript -->
  <testcase name="addUserScript" time="10.361" classname="scripts.p2"/>
  <testcase name="@AfterSuite killDriver" time="0.0" classname="generic.basetest">
    <ignored/>
  </testcase> <!-- @AfterSuite killDriver -->
</testsuite> <!-- Test -->
